[16:03:29] [main/INFO]: Environment: authHost='https://authserver.mojang.com', accountsHost='https://api.mojang.com', sessionHost='https://sessionserver.mojang.com', servicesHost='https://api.minecraftservices.com', name='PROD'
[16:03:29] [main/INFO]: Found new data pack file/bukkit, loading it automatically
[16:03:31] [main/INFO]: Reloading ResourceManager: Default, bukkit
[16:03:33] [Worker-Main-4/INFO]: Loaded 7 recipes
[16:03:39] [Server thread/INFO]: Starting minecraft server version 1.16.4
[16:03:39] [Server thread/INFO]: Loading properties
[16:03:41] [Server thread/INFO]: This server is running CraftBukkit version git-Spigot-37d799b-3eb7236 (MC: 1.16.4) (Implementing API version 1.16.4-R0.1-SNAPSHOT)
[16:03:41] [Server thread/INFO]: Debug logging is disabled
[16:03:41] [Server thread/INFO]: Server Ping Player Sample Count: 12
[16:03:41] [Server thread/INFO]: Using 4 threads for Netty based IO
[16:03:41] [Server thread/INFO]: Default game type: SURVIVAL
[16:03:41] [Server thread/INFO]: Generating keypair
[16:03:41] [Server thread/INFO]: Starting Minecraft server on *:25565
[16:03:41] [Server thread/INFO]: Using default channel type
[16:03:46] [Server thread/WARN]: **** SERVER IS RUNNING IN OFFLINE/INSECURE MODE!
[16:03:46] [Server thread/WARN]: The server will make no attempt to authenticate usernames. Beware.
[16:03:46] [Server thread/WARN]: While this makes the game possible to play without internet access, it also opens up the ability for hackers to connect with any username they choose.
[16:03:46] [Server thread/WARN]: To change this, set "online-mode" to "true" in the server.properties file.
[16:03:46] [Server thread/INFO]: Preparing level "world"
[16:03:46] [Server thread/INFO]: -------- World Settings For [world] --------
[16:03:46] [Server thread/INFO]: Entity Tracking Range: Pl 48 / An 48 / Mo 48 / Mi 32 / Other 64
[16:03:46] [Server thread/INFO]: Allow Zombie Pigmen to spawn from portal blocks: true
[16:03:46] [Server thread/INFO]: Item Merge Radius: 2.5
[16:03:46] [Server thread/INFO]: Item Despawn Rate: 6000
[16:03:46] [Server thread/INFO]: View Distance: 10
[16:03:46] [Server thread/INFO]: Custom Map Seeds:  Village: 10387312 Desert: 14357617 Igloo: 14357618 Jungle: 14357619 Swamp: 14357620 Monument: 10387313 Ocean: 14357621 Shipwreck: 165745295 End City: 10387313 Slime: 987234911 Bastion: 30084232 Fortress: 30084232 Mansion: 10387319 Fossil: 14357921 Portal: 34222645
[16:03:46] [Server thread/INFO]: Zombie Aggressive Towards Villager: true
[16:03:46] [Server thread/INFO]: Nerfing mobs spawned from spawners: false
[16:03:46] [Server thread/INFO]: Arrow Despawn Rate: 1200 Trident Respawn Rate:1200
[16:03:46] [Server thread/INFO]: Mob Spawn Range: 6
[16:03:46] [Server thread/INFO]: Cactus Growth Modifier: 100%
[16:03:46] [Server thread/INFO]: Cane Growth Modifier: 100%
[16:03:46] [Server thread/INFO]: Melon Growth Modifier: 100%
[16:03:46] [Server thread/INFO]: Mushroom Growth Modifier: 100%
[16:03:46] [Server thread/INFO]: Pumpkin Growth Modifier: 100%
[16:03:46] [Server thread/INFO]: Sapling Growth Modifier: 100%
[16:03:46] [Server thread/INFO]: Beetroot Growth Modifier: 100%
[16:03:46] [Server thread/INFO]: Carrot Growth Modifier: 100%
[16:03:46] [Server thread/INFO]: Potato Growth Modifier: 100%
[16:03:46] [Server thread/INFO]: Wheat Growth Modifier: 100%
[16:03:46] [Server thread/INFO]: NetherWart Growth Modifier: 100%
[16:03:46] [Server thread/INFO]: Vine Growth Modifier: 100%
[16:03:46] [Server thread/INFO]: Cocoa Growth Modifier: 100%
[16:03:46] [Server thread/INFO]: Bamboo Growth Modifier: 100%
[16:03:46] [Server thread/INFO]: SweetBerry Growth Modifier: 100%
[16:03:46] [Server thread/INFO]: Kelp Growth Modifier: 100%
[16:03:46] [Server thread/INFO]: Experience Merge Radius: 3.0
[16:03:46] [Server thread/INFO]: Hopper Transfer: 8 Hopper Check: 1 Hopper Amount: 1
[16:03:46] [Server thread/INFO]: Entity Activation Range: An 32 / Mo 32 / Ra 48 / Mi 16 / Tiv true
[16:03:46] [Server thread/INFO]: Tile Max Tick Time: 50ms Entity max Tick Time: 50ms
[16:03:46] [Server thread/INFO]: Max TNT Explosions: 100
[16:04:02] [Server thread/INFO]: -------- World Settings For [world_nether] --------
[16:04:02] [Server thread/INFO]: Entity Tracking Range: Pl 48 / An 48 / Mo 48 / Mi 32 / Other 64
[16:04:02] [Server thread/INFO]: Allow Zombie Pigmen to spawn from portal blocks: true
[16:04:02] [Server thread/INFO]: Item Merge Radius: 2.5
[16:04:02] [Server thread/INFO]: Item Despawn Rate: 6000
[16:04:02] [Server thread/INFO]: View Distance: 10
[16:04:03] [Server thread/INFO]: Custom Map Seeds:  Village: 10387312 Desert: 14357617 Igloo: 14357618 Jungle: 14357619 Swamp: 14357620 Monument: 10387313 Ocean: 14357621 Shipwreck: 165745295 End City: 10387313 Slime: 987234911 Bastion: 30084232 Fortress: 30084232 Mansion: 10387319 Fossil: 14357921 Portal: 34222645
[16:04:03] [Server thread/INFO]: Zombie Aggressive Towards Villager: true
[16:04:03] [Server thread/INFO]: Nerfing mobs spawned from spawners: false
[16:04:03] [Server thread/INFO]: Arrow Despawn Rate: 1200 Trident Respawn Rate:1200
[16:04:03] [Server thread/INFO]: Mob Spawn Range: 6
[16:04:03] [Server thread/INFO]: Cactus Growth Modifier: 100%
[16:04:03] [Server thread/INFO]: Cane Growth Modifier: 100%
[16:04:03] [Server thread/INFO]: Melon Growth Modifier: 100%
[16:04:03] [Server thread/INFO]: Mushroom Growth Modifier: 100%
[16:04:03] [Server thread/INFO]: Pumpkin Growth Modifier: 100%
[16:04:03] [Server thread/INFO]: Sapling Growth Modifier: 100%
[16:04:03] [Server thread/INFO]: Beetroot Growth Modifier: 100%
[16:04:03] [Server thread/INFO]: Carrot Growth Modifier: 100%
[16:04:03] [Server thread/INFO]: Potato Growth Modifier: 100%
[16:04:03] [Server thread/INFO]: Wheat Growth Modifier: 100%
[16:04:03] [Server thread/INFO]: NetherWart Growth Modifier: 100%
[16:04:03] [Server thread/INFO]: Vine Growth Modifier: 100%
[16:04:03] [Server thread/INFO]: Cocoa Growth Modifier: 100%
[16:04:03] [Server thread/INFO]: Bamboo Growth Modifier: 100%
[16:04:03] [Server thread/INFO]: SweetBerry Growth Modifier: 100%
[16:04:03] [Server thread/INFO]: Kelp Growth Modifier: 100%
[16:04:03] [Server thread/INFO]: Experience Merge Radius: 3.0
[16:04:03] [Server thread/INFO]: Hopper Transfer: 8 Hopper Check: 1 Hopper Amount: 1
[16:04:03] [Server thread/INFO]: Entity Activation Range: An 32 / Mo 32 / Ra 48 / Mi 16 / Tiv true
[16:04:03] [Server thread/INFO]: Tile Max Tick Time: 50ms Entity max Tick Time: 50ms
[16:04:03] [Server thread/INFO]: Max TNT Explosions: 100
[16:04:03] [Server thread/WARN]: Unable to find spawn biome
[16:04:10] [Server thread/INFO]: -------- World Settings For [world_the_end] --------
[16:04:10] [Server thread/INFO]: Entity Tracking Range: Pl 48 / An 48 / Mo 48 / Mi 32 / Other 64
[16:04:10] [Server thread/INFO]: Allow Zombie Pigmen to spawn from portal blocks: true
[16:04:10] [Server thread/INFO]: Item Merge Radius: 2.5
[16:04:10] [Server thread/INFO]: Item Despawn Rate: 6000
[16:04:10] [Server thread/INFO]: View Distance: 10
[16:04:10] [Server thread/INFO]: Custom Map Seeds:  Village: 10387312 Desert: 14357617 Igloo: 14357618 Jungle: 14357619 Swamp: 14357620 Monument: 10387313 Ocean: 14357621 Shipwreck: 165745295 End City: 10387313 Slime: 987234911 Bastion: 30084232 Fortress: 30084232 Mansion: 10387319 Fossil: 14357921 Portal: 34222645
[16:04:10] [Server thread/INFO]: Zombie Aggressive Towards Villager: true
[16:04:10] [Server thread/INFO]: Nerfing mobs spawned from spawners: false
[16:04:10] [Server thread/INFO]: Arrow Despawn Rate: 1200 Trident Respawn Rate:1200
[16:04:10] [Server thread/INFO]: Mob Spawn Range: 6
[16:04:10] [Server thread/INFO]: Cactus Growth Modifier: 100%
[16:04:10] [Server thread/INFO]: Cane Growth Modifier: 100%
[16:04:10] [Server thread/INFO]: Melon Growth Modifier: 100%
[16:04:10] [Server thread/INFO]: Mushroom Growth Modifier: 100%
[16:04:10] [Server thread/INFO]: Pumpkin Growth Modifier: 100%
[16:04:10] [Server thread/INFO]: Sapling Growth Modifier: 100%
[16:04:10] [Server thread/INFO]: Beetroot Growth Modifier: 100%
[16:04:10] [Server thread/INFO]: Carrot Growth Modifier: 100%
[16:04:10] [Server thread/INFO]: Potato Growth Modifier: 100%
[16:04:10] [Server thread/INFO]: Wheat Growth Modifier: 100%
[16:04:10] [Server thread/INFO]: NetherWart Growth Modifier: 100%
[16:04:10] [Server thread/INFO]: Vine Growth Modifier: 100%
[16:04:10] [Server thread/INFO]: Cocoa Growth Modifier: 100%
[16:04:10] [Server thread/INFO]: Bamboo Growth Modifier: 100%
[16:04:10] [Server thread/INFO]: SweetBerry Growth Modifier: 100%
[16:04:10] [Server thread/INFO]: Kelp Growth Modifier: 100%
[16:04:10] [Server thread/INFO]: Experience Merge Radius: 3.0
[16:04:10] [Server thread/INFO]: Hopper Transfer: 8 Hopper Check: 1 Hopper Amount: 1
[16:04:10] [Server thread/INFO]: Entity Activation Range: An 32 / Mo 32 / Ra 48 / Mi 16 / Tiv true
[16:04:10] [Server thread/INFO]: Tile Max Tick Time: 50ms Entity max Tick Time: 50ms
[16:04:10] [Server thread/INFO]: Max TNT Explosions: 100
[16:04:10] [Server thread/WARN]: Unable to find spawn biome
[16:04:13] [Server thread/INFO]: Preparing start region for dimension minecraft:overworld
[16:04:13] [Worker-Main-5/INFO]: Preparing spawn area: 0%
[16:04:13] [Worker-Main-5/INFO]: Preparing spawn area: 0%
[16:04:14] [Worker-Main-5/INFO]: Preparing spawn area: 0%
[16:04:14] [Worker-Main-7/INFO]: Preparing spawn area: 0%
[16:04:15] [Worker-Main-8/INFO]: Preparing spawn area: 0%
[16:04:15] [Worker-Main-5/INFO]: Preparing spawn area: 0%
[16:04:16] [Worker-Main-5/INFO]: Preparing spawn area: 0%
[16:04:16] [Worker-Main-5/INFO]: Preparing spawn area: 0%
[16:04:17] [Worker-Main-8/INFO]: Preparing spawn area: 0%
[16:04:17] [Worker-Main-5/INFO]: Preparing spawn area: 0%
[16:04:18] [Worker-Main-7/INFO]: Preparing spawn area: 0%
[16:04:18] [Worker-Main-7/INFO]: Preparing spawn area: 1%
[16:04:19] [Worker-Main-5/INFO]: Preparing spawn area: 1%
[16:04:19] [Worker-Main-7/INFO]: Preparing spawn area: 1%
[16:04:20] [Worker-Main-5/INFO]: Preparing spawn area: 1%
[16:04:20] [Worker-Main-5/INFO]: Preparing spawn area: 1%
[16:04:22] [Worker-Main-8/INFO]: Preparing spawn area: 3%
[16:04:22] [Worker-Main-8/INFO]: Preparing spawn area: 3%
[16:04:22] [Worker-Main-8/INFO]: Preparing spawn area: 3%
[16:04:22] [Worker-Main-5/INFO]: Preparing spawn area: 3%
[16:04:23] [Worker-Main-5/INFO]: Preparing spawn area: 3%
[16:04:23] [Worker-Main-8/INFO]: Preparing spawn area: 3%
[16:04:24] [Worker-Main-8/INFO]: Preparing spawn area: 3%
[16:04:24] [Worker-Main-8/INFO]: Preparing spawn area: 3%
[16:04:25] [Worker-Main-5/INFO]: Preparing spawn area: 3%
[16:04:25] [Worker-Main-8/INFO]: Preparing spawn area: 9%
[16:04:26] [Worker-Main-8/INFO]: Preparing spawn area: 9%
[16:04:26] [Worker-Main-8/INFO]: Preparing spawn area: 9%
[16:04:27] [Worker-Main-8/INFO]: Preparing spawn area: 9%
[16:04:27] [Worker-Main-7/INFO]: Preparing spawn area: 9%
[16:04:28] [Worker-Main-8/INFO]: Preparing spawn area: 11%
[16:04:28] [Worker-Main-8/INFO]: Preparing spawn area: 11%
[16:04:29] [Worker-Main-7/INFO]: Preparing spawn area: 11%
[16:04:29] [Worker-Main-7/INFO]: Preparing spawn area: 11%
[16:04:30] [Worker-Main-8/INFO]: Preparing spawn area: 11%
[16:04:30] [Worker-Main-7/INFO]: Preparing spawn area: 11%
[16:04:31] [Worker-Main-8/INFO]: Preparing spawn area: 11%
[16:04:31] [Worker-Main-7/INFO]: Preparing spawn area: 11%
[16:04:32] [Worker-Main-8/INFO]: Preparing spawn area: 11%
[16:04:32] [Worker-Main-5/INFO]: Preparing spawn area: 14%
[16:04:33] [Worker-Main-7/INFO]: Preparing spawn area: 14%
[16:04:33] [Worker-Main-5/INFO]: Preparing spawn area: 14%
[16:04:34] [Worker-Main-5/INFO]: Preparing spawn area: 14%
[16:04:34] [Worker-Main-5/INFO]: Preparing spawn area: 14%
[16:04:35] [Worker-Main-5/INFO]: Preparing spawn area: 14%
[16:04:35] [Worker-Main-7/INFO]: Preparing spawn area: 17%
[16:04:36] [Worker-Main-7/INFO]: Preparing spawn area: 17%
[16:04:36] [Worker-Main-7/INFO]: Preparing spawn area: 17%
[16:04:37] [Worker-Main-7/INFO]: Preparing spawn area: 17%
[16:04:37] [Worker-Main-8/INFO]: Preparing spawn area: 17%
[16:04:38] [Worker-Main-8/INFO]: Preparing spawn area: 19%
[16:04:38] [Worker-Main-8/INFO]: Preparing spawn area: 19%
[16:04:39] [Worker-Main-8/INFO]: Preparing spawn area: 19%
[16:04:39] [Worker-Main-5/INFO]: Preparing spawn area: 19%
[16:04:40] [Worker-Main-5/INFO]: Preparing spawn area: 19%
[16:04:41] [Worker-Main-5/INFO]: Preparing spawn area: 19%
[16:04:41] [Worker-Main-8/INFO]: Preparing spawn area: 19%
[16:04:41] [Worker-Main-8/INFO]: Preparing spawn area: 19%
[16:04:42] [Worker-Main-7/INFO]: Preparing spawn area: 23%
[16:04:42] [Worker-Main-8/INFO]: Preparing spawn area: 24%
[16:04:43] [Worker-Main-5/INFO]: Preparing spawn area: 24%
[16:04:43] [Worker-Main-7/INFO]: Preparing spawn area: 24%
[16:04:44] [Worker-Main-8/INFO]: Preparing spawn area: 25%
[16:04:44] [Worker-Main-8/INFO]: Preparing spawn area: 25%
[16:04:45] [Worker-Main-5/INFO]: Preparing spawn area: 25%
[16:04:45] [Worker-Main-5/INFO]: Preparing spawn area: 27%
[16:04:46] [Worker-Main-5/INFO]: Preparing spawn area: 27%
[16:04:46] [Worker-Main-5/INFO]: Preparing spawn area: 27%
[16:04:47] [Worker-Main-5/INFO]: Preparing spawn area: 27%
[16:04:47] [Worker-Main-8/INFO]: Preparing spawn area: 27%
[16:04:48] [Worker-Main-5/INFO]: Preparing spawn area: 27%
[16:04:49] [Worker-Main-8/INFO]: Preparing spawn area: 27%
[16:04:49] [Worker-Main-5/INFO]: Preparing spawn area: 32%
[16:04:52] [Worker-Main-5/INFO]: Preparing spawn area: 32%
[16:04:52] [Worker-Main-5/INFO]: Preparing spawn area: 32%
[16:04:52] [Worker-Main-7/INFO]: Preparing spawn area: 32%
[16:04:52] [Worker-Main-7/INFO]: Preparing spawn area: 32%
[16:04:52] [Worker-Main-5/INFO]: Preparing spawn area: 33%
[16:04:52] [Worker-Main-5/INFO]: Preparing spawn area: 36%
[16:04:52] [Worker-Main-5/INFO]: Preparing spawn area: 36%
[16:04:53] [Worker-Main-8/INFO]: Preparing spawn area: 37%
[16:04:54] [Worker-Main-7/INFO]: Preparing spawn area: 37%
[16:04:54] [Worker-Main-7/INFO]: Preparing spawn area: 37%
[16:04:54] [Worker-Main-7/INFO]: Preparing spawn area: 37%
[16:04:55] [Worker-Main-7/INFO]: Preparing spawn area: 41%
[16:04:55] [Worker-Main-8/INFO]: Preparing spawn area: 41%
[16:04:56] [Worker-Main-7/INFO]: Preparing spawn area: 43%
[16:04:57] [Worker-Main-7/INFO]: Preparing spawn area: 44%
[16:04:57] [Worker-Main-7/INFO]: Preparing spawn area: 44%
[16:04:57] [Worker-Main-7/INFO]: Preparing spawn area: 44%
[16:04:58] [Worker-Main-8/INFO]: Preparing spawn area: 46%
[16:05:02] [Worker-Main-7/INFO]: Preparing spawn area: 46%
[16:05:02] [Worker-Main-7/INFO]: Preparing spawn area: 46%
[16:05:02] [Worker-Main-7/INFO]: Preparing spawn area: 46%
[16:05:02] [Worker-Main-7/INFO]: Preparing spawn area: 46%
[16:05:02] [Worker-Main-7/INFO]: Preparing spawn area: 46%
[16:05:02] [Worker-Main-8/INFO]: Preparing spawn area: 46%
[16:05:02] [Worker-Main-8/INFO]: Preparing spawn area: 46%
[16:05:02] [Worker-Main-8/INFO]: Preparing spawn area: 46%
[16:05:02] [Worker-Main-8/INFO]: Preparing spawn area: 46%
[16:05:03] [Worker-Main-7/INFO]: Preparing spawn area: 55%
[16:05:04] [Worker-Main-7/INFO]: Preparing spawn area: 56%
[16:05:04] [Worker-Main-7/INFO]: Preparing spawn area: 57%
[16:05:05] [Worker-Main-7/INFO]: Preparing spawn area: 57%
[16:05:05] [Worker-Main-7/INFO]: Preparing spawn area: 57%
[16:05:06] [Worker-Main-8/INFO]: Preparing spawn area: 59%
[16:05:06] [Worker-Main-8/INFO]: Preparing spawn area: 59%
[16:05:06] [Worker-Main-7/INFO]: Preparing spawn area: 61%
[16:05:09] [Worker-Main-8/INFO]: Preparing spawn area: 61%
[16:05:09] [Worker-Main-8/INFO]: Preparing spawn area: 61%
[16:05:09] [Worker-Main-8/INFO]: Preparing spawn area: 61%
[16:05:09] [Worker-Main-8/INFO]: Preparing spawn area: 61%
[16:05:09] [Worker-Main-7/INFO]: Preparing spawn area: 66%
[16:05:09] [Worker-Main-7/INFO]: Preparing spawn area: 66%
[16:05:10] [Worker-Main-8/INFO]: Preparing spawn area: 68%
[16:05:10] [Worker-Main-8/INFO]: Preparing spawn area: 68%
[16:05:12] [Worker-Main-5/INFO]: Preparing spawn area: 70%
[16:05:12] [Worker-Main-7/INFO]: Preparing spawn area: 70%
[16:05:12] [Worker-Main-8/INFO]: Preparing spawn area: 72%
[16:05:16] [Worker-Main-5/INFO]: Preparing spawn area: 72%
[16:05:16] [Worker-Main-7/INFO]: Preparing spawn area: 72%
[16:05:16] [Worker-Main-7/INFO]: Preparing spawn area: 72%
[16:05:16] [Worker-Main-7/INFO]: Preparing spawn area: 72%
[16:05:16] [Worker-Main-5/INFO]: Preparing spawn area: 72%
[16:05:16] [Worker-Main-5/INFO]: Preparing spawn area: 73%
[16:05:16] [Worker-Main-7/INFO]: Preparing spawn area: 73%
[16:05:16] [Worker-Main-5/INFO]: Preparing spawn area: 81%
[16:05:17] [Worker-Main-5/INFO]: Preparing spawn area: 82%
[16:05:17] [Worker-Main-5/INFO]: Preparing spawn area: 82%
[16:05:17] [Worker-Main-5/INFO]: Preparing spawn area: 84%
[16:05:18] [Worker-Main-8/INFO]: Preparing spawn area: 85%
[16:05:19] [Worker-Main-7/INFO]: Preparing spawn area: 85%
[16:05:19] [Worker-Main-7/INFO]: Preparing spawn area: 85%
[16:05:19] [Worker-Main-7/INFO]: Preparing spawn area: 85%
[16:05:20] [Worker-Main-5/INFO]: Preparing spawn area: 88%
[16:05:21] [Worker-Main-7/INFO]: Preparing spawn area: 88%
[16:05:21] [Worker-Main-7/INFO]: Preparing spawn area: 88%
[16:05:24] [Worker-Main-7/INFO]: Preparing spawn area: 91%
[16:05:24] [Worker-Main-7/INFO]: Preparing spawn area: 91%
[16:05:24] [Worker-Main-5/INFO]: Preparing spawn area: 91%
[16:05:24] [Worker-Main-5/INFO]: Preparing spawn area: 91%
[16:05:24] [Worker-Main-7/INFO]: Preparing spawn area: 91%
[16:05:24] [Worker-Main-7/INFO]: Preparing spawn area: 91%
[16:05:25] [Worker-Main-8/INFO]: Preparing spawn area: 98%
[16:05:25] [Worker-Main-8/INFO]: Preparing spawn area: 98%
[16:05:25] [Server thread/INFO]: Time elapsed: 72410 ms
[16:05:25] [Server thread/INFO]: Preparing start region for dimension minecraft:the_nether
[16:05:26] [Worker-Main-5/INFO]: Preparing spawn area: 0%
[16:05:26] [Worker-Main-5/INFO]: Preparing spawn area: 0%
[16:05:26] [Worker-Main-8/INFO]: Preparing spawn area: 0%
[16:05:27] [Worker-Main-7/INFO]: Preparing spawn area: 0%
[16:05:27] [Worker-Main-7/INFO]: Preparing spawn area: 0%
[16:05:28] [Worker-Main-5/INFO]: Preparing spawn area: 0%
[16:05:28] [Worker-Main-5/INFO]: Preparing spawn area: 0%
[16:05:29] [Worker-Main-7/INFO]: Preparing spawn area: 1%
[16:05:29] [Worker-Main-8/INFO]: Preparing spawn area: 3%
[16:05:30] [Worker-Main-5/INFO]: Preparing spawn area: 4%
[16:05:30] [Worker-Main-5/INFO]: Preparing spawn area: 5%
[16:05:31] [Worker-Main-5/INFO]: Preparing spawn area: 5%
[16:05:31] [Worker-Main-7/INFO]: Preparing spawn area: 5%
[16:05:32] [Worker-Main-7/INFO]: Preparing spawn area: 9%
[16:05:32] [Worker-Main-8/INFO]: Preparing spawn area: 9%
[16:05:33] [Worker-Main-5/INFO]: Preparing spawn area: 11%
[16:05:33] [Worker-Main-8/INFO]: Preparing spawn area: 15%
[16:05:34] [Worker-Main-8/INFO]: Preparing spawn area: 15%
[16:05:34] [Worker-Main-5/INFO]: Preparing spawn area: 16%
[16:05:35] [Worker-Main-5/INFO]: Preparing spawn area: 16%
[16:05:35] [Worker-Main-5/INFO]: Preparing spawn area: 16%
[16:05:36] [Worker-Main-8/INFO]: Preparing spawn area: 22%
[16:05:36] [Worker-Main-8/INFO]: Preparing spawn area: 22%
[16:05:37] [Worker-Main-7/INFO]: Preparing spawn area: 24%
[16:05:37] [Worker-Main-5/INFO]: Preparing spawn area: 24%
[16:05:38] [Worker-Main-5/INFO]: Preparing spawn area: 24%
[16:05:38] [Worker-Main-8/INFO]: Preparing spawn area: 27%
[16:05:39] [Worker-Main-8/INFO]: Preparing spawn area: 27%
[16:05:39] [Worker-Main-8/INFO]: Preparing spawn area: 27%
[16:05:40] [Worker-Main-5/INFO]: Preparing spawn area: 34%
[16:05:40] [Worker-Main-5/INFO]: Preparing spawn area: 36%
[16:05:41] [Worker-Main-5/INFO]: Preparing spawn area: 37%
[16:05:41] [Worker-Main-5/INFO]: Preparing spawn area: 37%
[16:05:42] [Worker-Main-7/INFO]: Preparing spawn area: 42%
[16:05:42] [Worker-Main-5/INFO]: Preparing spawn area: 44%
[16:05:43] [Worker-Main-5/INFO]: Preparing spawn area: 46%
[16:05:43] [Worker-Main-7/INFO]: Preparing spawn area: 48%
[16:05:44] [Worker-Main-8/INFO]: Preparing spawn area: 48%
[16:05:44] [Worker-Main-8/INFO]: Preparing spawn area: 52%
[16:05:47] [Worker-Main-7/INFO]: Preparing spawn area: 54%
[16:05:47] [Worker-Main-7/INFO]: Preparing spawn area: 54%
[16:05:47] [Worker-Main-7/INFO]: Preparing spawn area: 54%
[16:05:47] [Worker-Main-7/INFO]: Preparing spawn area: 54%
[16:05:47] [Worker-Main-7/INFO]: Preparing spawn area: 54%
[16:05:47] [Worker-Main-7/INFO]: Preparing spawn area: 54%
[16:05:48] [Worker-Main-7/INFO]: Preparing spawn area: 56%
[16:05:48] [Worker-Main-8/INFO]: Preparing spawn area: 58%
[16:05:49] [Worker-Main-7/INFO]: Preparing spawn area: 62%
[16:05:49] [Worker-Main-5/INFO]: Preparing spawn area: 65%
[16:05:50] [Worker-Main-5/INFO]: Preparing spawn area: 65%
[16:05:50] [Worker-Main-8/INFO]: Preparing spawn area: 69%
[16:05:51] [Worker-Main-8/INFO]: Preparing spawn area: 73%
[16:05:51] [Worker-Main-8/INFO]: Preparing spawn area: 75%
[16:05:52] [Worker-Main-7/INFO]: Preparing spawn area: 79%
[16:05:52] [Worker-Main-8/INFO]: Preparing spawn area: 80%
[16:05:53] [Worker-Main-8/INFO]: Preparing spawn area: 83%
[16:05:53] [Worker-Main-7/INFO]: Preparing spawn area: 86%
[16:05:54] [Worker-Main-7/INFO]: Preparing spawn area: 88%
[16:05:54] [Worker-Main-5/INFO]: Preparing spawn area: 91%
[16:05:55] [Worker-Main-7/INFO]: Preparing spawn area: 95%
[16:05:55] [Server thread/INFO]: Time elapsed: 29931 ms
[16:05:55] [Server thread/INFO]: Preparing start region for dimension minecraft:the_end
[16:05:55] [Worker-Main-7/INFO]: Preparing spawn area: 0%
[16:05:56] [Worker-Main-7/INFO]: Preparing spawn area: 0%
[16:05:56] [Worker-Main-8/INFO]: Preparing spawn area: 4%
[16:05:57] [Worker-Main-7/INFO]: Preparing spawn area: 15%
[16:05:57] [Worker-Main-7/INFO]: Preparing spawn area: 30%
[16:05:58] [Worker-Main-8/INFO]: Preparing spawn area: 42%
[16:05:58] [Worker-Main-8/INFO]: Preparing spawn area: 54%
[16:05:59] [Worker-Main-7/INFO]: Preparing spawn area: 76%
[16:05:59] [Worker-Main-8/INFO]: Preparing spawn area: 91%
[16:05:59] [Server thread/INFO]: Time elapsed: 4040 ms
[16:05:59] [Server thread/INFO]: Done (133.189s)! For help, type "help"
[16:06:06] [Server thread/INFO]: Stopping server
[16:06:06] [Server thread/INFO]: Saving players
[16:06:06] [Server thread/INFO]: Saving worlds
[16:06:06] [Server thread/INFO]: Saving chunks for level 'ServerLevel[world]'/minecraft:overworld
[16:06:09] [Server thread/INFO]: ThreadedAnvilChunkStorage (world): All chunks are saved
[16:06:09] [Server thread/INFO]: Saving chunks for level 'ServerLevel[world_nether]'/minecraft:the_nether
[16:06:12] [Server thread/INFO]: ThreadedAnvilChunkStorage (DIM-1): All chunks are saved
[16:06:12] [Server thread/INFO]: Saving chunks for level 'ServerLevel[world_the_end]'/minecraft:the_end
[16:06:13] [Server thread/INFO]: ThreadedAnvilChunkStorage (DIM1): All chunks are saved
[16:06:13] [Server thread/INFO]: ThreadedAnvilChunkStorage (world): All chunks are saved
[16:06:14] [Server thread/INFO]: ThreadedAnvilChunkStorage (DIM-1): All chunks are saved
[16:06:14] [Server thread/INFO]: ThreadedAnvilChunkStorage (DIM1): All chunks are saved
